2025-01-20 13:25:22,953 [Worker-5: Loading available Gradle versions] INFO  o.e.b.c.i.u.g.PublishedGradleVersions - Gradle version information cache is up-to-date. Trying to read.
2025-01-20 13:27:33,517 [Worker-18: Launching mavenrun-7ef37681-6965-4fe9-b93b-787884e3c3a0] INFO  o.eclipse.m2e.core.internal.Bundles - getClasspathEntries(Bundle=org.eclipse.m2e.maven.runtime_3.9.400.20230826-0755 [295])
2025-01-20 13:27:33,519 [Worker-18: Launching mavenrun-7ef37681-6965-4fe9-b93b-787884e3c3a0] INFO  o.eclipse.m2e.core.internal.Bundles - 	Entry: C:\Users\artur\.p2\pool\plugins\org.eclipse.m2e.maven.runtime_3.9.400.20230826-0755
2025-01-20 13:27:33,519 [Worker-18: Launching mavenrun-7ef37681-6965-4fe9-b93b-787884e3c3a0] INFO  o.eclipse.m2e.core.internal.Bundles - 	Entry: C:\Users\artur\.p2\pool\plugins\org.eclipse.m2e.maven.runtime_3.9.400.20230826-0755\jars\aether-connector-okhttp-0.17.8.jar
2025-01-20 13:27:33,520 [Worker-18: Launching mavenrun-7ef37681-6965-4fe9-b93b-787884e3c3a0] INFO  o.eclipse.m2e.core.internal.Bundles - 	Entry: C:\Users\artur\.p2\pool\plugins\org.eclipse.m2e.maven.runtime_3.9.400.20230826-0755\jars\aopalliance-1.0.jar
2025-01-20 13:27:33,520 [Worker-18: Launching mavenrun-7ef37681-6965-4fe9-b93b-787884e3c3a0] INFO  o.eclipse.m2e.core.internal.Bundles - 	Entry: C:\Users\artur\.p2\pool\plugins\org.eclipse.m2e.maven.runtime_3.9.400.20230826-0755\jars\commons-lang3-3.12.0.jar
2025-01-20 13:27:33,520 [Worker-18: Launching mavenrun-7ef37681-6965-4fe9-b93b-787884e3c3a0] INFO  o.eclipse.m2e.core.internal.Bundles - 	Entry: C:\Users\artur\.p2\pool\plugins\org.eclipse.m2e.maven.runtime_3.9.400.20230826-0755\jars\guice-5.1.0.jar
2025-01-20 13:27:33,520 [Worker-18: Launching mavenrun-7ef37681-6965-4fe9-b93b-787884e3c3a0] INFO  o.eclipse.m2e.core.internal.Bundles - 	Entry: C:\Users\artur\.p2\pool\plugins\org.eclipse.m2e.maven.runtime_3.9.400.20230826-0755\jars\jansi-2.4.0.jar
2025-01-20 13:27:33,520 [Worker-18: Launching mavenrun-7ef37681-6965-4fe9-b93b-787884e3c3a0] INFO  o.eclipse.m2e.core.internal.Bundles - 	Entry: C:\Users\artur\.p2\pool\plugins\org.eclipse.m2e.maven.runtime_3.9.400.20230826-0755\jars\maven-artifact-3.9.4.jar
2025-01-20 13:27:33,520 [Worker-18: Launching mavenrun-7ef37681-6965-4fe9-b93b-787884e3c3a0] INFO  o.eclipse.m2e.core.internal.Bundles - 	Entry: C:\Users\artur\.p2\pool\plugins\org.eclipse.m2e.maven.runtime_3.9.400.20230826-0755\jars\maven-builder-support-3.9.4.jar
2025-01-20 13:27:33,520 [Worker-18: Launching mavenrun-7ef37681-6965-4fe9-b93b-787884e3c3a0] INFO  o.eclipse.m2e.core.internal.Bundles - 	Entry: C:\Users\artur\.p2\pool\plugins\org.eclipse.m2e.maven.runtime_3.9.400.20230826-0755\jars\maven-compat-3.9.4.jar
2025-01-20 13:27:33,520 [Worker-18: Launching mavenrun-7ef37681-6965-4fe9-b93b-787884e3c3a0] INFO  o.eclipse.m2e.core.internal.Bundles - 	Entry: C:\Users\artur\.p2\pool\plugins\org.eclipse.m2e.maven.runtime_3.9.400.20230826-0755\jars\maven-core-3.9.4.jar
2025-01-20 13:27:33,521 [Worker-18: Launching mavenrun-7ef37681-6965-4fe9-b93b-787884e3c3a0] INFO  o.eclipse.m2e.core.internal.Bundles - 	Entry: C:\Users\artur\.p2\pool\plugins\org.eclipse.m2e.maven.runtime_3.9.400.20230826-0755\jars\maven-embedder-3.9.4.jar
2025-01-20 13:27:33,521 [Worker-18: Launching mavenrun-7ef37681-6965-4fe9-b93b-787884e3c3a0] INFO  o.eclipse.m2e.core.internal.Bundles - 	Entry: C:\Users\artur\.p2\pool\plugins\org.eclipse.m2e.maven.runtime_3.9.400.20230826-0755\jars\maven-model-3.9.4.jar
2025-01-20 13:27:33,521 [Worker-18: Launching mavenrun-7ef37681-6965-4fe9-b93b-787884e3c3a0] INFO  o.eclipse.m2e.core.internal.Bundles - 	Entry: C:\Users\artur\.p2\pool\plugins\org.eclipse.m2e.maven.runtime_3.9.400.20230826-0755\jars\maven-model-builder-3.9.4.jar
2025-01-20 13:27:33,521 [Worker-18: Launching mavenrun-7ef37681-6965-4fe9-b93b-787884e3c3a0] INFO  o.eclipse.m2e.core.internal.Bundles - 	Entry: C:\Users\artur\.p2\pool\plugins\org.eclipse.m2e.maven.runtime_3.9.400.20230826-0755\jars\maven-plugin-api-3.9.4.jar
2025-01-20 13:27:33,521 [Worker-18: Launching mavenrun-7ef37681-6965-4fe9-b93b-787884e3c3a0] INFO  o.eclipse.m2e.core.internal.Bundles - 	Entry: C:\Users\artur\.p2\pool\plugins\org.eclipse.m2e.maven.runtime_3.9.400.20230826-0755\jars\maven-repository-metadata-3.9.4.jar
2025-01-20 13:27:33,521 [Worker-18: Launching mavenrun-7ef37681-6965-4fe9-b93b-787884e3c3a0] INFO  o.eclipse.m2e.core.internal.Bundles - 	Entry: C:\Users\artur\.p2\pool\plugins\org.eclipse.m2e.maven.runtime_3.9.400.20230826-0755\jars\maven-resolver-api-1.9.14.jar
2025-01-20 13:27:33,521 [Worker-18: Launching mavenrun-7ef37681-6965-4fe9-b93b-787884e3c3a0] INFO  o.eclipse.m2e.core.internal.Bundles - 	Entry: C:\Users\artur\.p2\pool\plugins\org.eclipse.m2e.maven.runtime_3.9.400.20230826-0755\jars\maven-resolver-connector-basic-1.9.14.jar
2025-01-20 13:27:33,522 [Worker-18: Launching mavenrun-7ef37681-6965-4fe9-b93b-787884e3c3a0] INFO  o.eclipse.m2e.core.internal.Bundles - 	Entry: C:\Users\artur\.p2\pool\plugins\org.eclipse.m2e.maven.runtime_3.9.400.20230826-0755\jars\maven-resolver-impl-1.9.14.jar
2025-01-20 13:27:33,522 [Worker-18: Launching mavenrun-7ef37681-6965-4fe9-b93b-787884e3c3a0] INFO  o.eclipse.m2e.core.internal.Bundles - 	Entry: C:\Users\artur\.p2\pool\plugins\org.eclipse.m2e.maven.runtime_3.9.400.20230826-0755\jars\maven-resolver-named-locks-1.9.14.jar
2025-01-20 13:27:33,522 [Worker-18: Launching mavenrun-7ef37681-6965-4fe9-b93b-787884e3c3a0] INFO  o.eclipse.m2e.core.internal.Bundles - 	Entry: C:\Users\artur\.p2\pool\plugins\org.eclipse.m2e.maven.runtime_3.9.400.20230826-0755\jars\maven-resolver-provider-3.9.4.jar
2025-01-20 13:27:33,522 [Worker-18: Launching mavenrun-7ef37681-6965-4fe9-b93b-787884e3c3a0] INFO  o.eclipse.m2e.core.internal.Bundles - 	Entry: C:\Users\artur\.p2\pool\plugins\org.eclipse.m2e.maven.runtime_3.9.400.20230826-0755\jars\maven-resolver-spi-1.9.14.jar
2025-01-20 13:27:33,522 [Worker-18: Launching mavenrun-7ef37681-6965-4fe9-b93b-787884e3c3a0] INFO  o.eclipse.m2e.core.internal.Bundles - 	Entry: C:\Users\artur\.p2\pool\plugins\org.eclipse.m2e.maven.runtime_3.9.400.20230826-0755\jars\maven-resolver-transport-wagon-1.9.14.jar
2025-01-20 13:27:33,522 [Worker-18: Launching mavenrun-7ef37681-6965-4fe9-b93b-787884e3c3a0] INFO  o.eclipse.m2e.core.internal.Bundles - 	Entry: C:\Users\artur\.p2\pool\plugins\org.eclipse.m2e.maven.runtime_3.9.400.20230826-0755\jars\maven-resolver-util-1.9.14.jar
2025-01-20 13:27:33,522 [Worker-18: Launching mavenrun-7ef37681-6965-4fe9-b93b-787884e3c3a0] INFO  o.eclipse.m2e.core.internal.Bundles - 	Entry: C:\Users\artur\.p2\pool\plugins\org.eclipse.m2e.maven.runtime_3.9.400.20230826-0755\jars\maven-settings-3.9.4.jar
2025-01-20 13:27:33,522 [Worker-18: Launching mavenrun-7ef37681-6965-4fe9-b93b-787884e3c3a0] INFO  o.eclipse.m2e.core.internal.Bundles - 	Entry: C:\Users\artur\.p2\pool\plugins\org.eclipse.m2e.maven.runtime_3.9.400.20230826-0755\jars\maven-settings-builder-3.9.4.jar
2025-01-20 13:27:33,523 [Worker-18: Launching mavenrun-7ef37681-6965-4fe9-b93b-787884e3c3a0] INFO  o.eclipse.m2e.core.internal.Bundles - 	Entry: C:\Users\artur\.p2\pool\plugins\org.eclipse.m2e.maven.runtime_3.9.400.20230826-0755\jars\maven-shared-utils-3.3.4.jar
2025-01-20 13:27:33,523 [Worker-18: Launching mavenrun-7ef37681-6965-4fe9-b93b-787884e3c3a0] INFO  o.eclipse.m2e.core.internal.Bundles - 	Entry: C:\Users\artur\.p2\pool\plugins\org.eclipse.m2e.maven.runtime_3.9.400.20230826-0755\jars\okhttp-3.14.1.jar
2025-01-20 13:27:33,523 [Worker-18: Launching mavenrun-7ef37681-6965-4fe9-b93b-787884e3c3a0] INFO  o.eclipse.m2e.core.internal.Bundles - 	Entry: C:\Users\artur\.p2\pool\plugins\org.eclipse.m2e.maven.runtime_3.9.400.20230826-0755\jars\okio-1.17.3.jar
2025-01-20 13:27:33,523 [Worker-18: Launching mavenrun-7ef37681-6965-4fe9-b93b-787884e3c3a0] INFO  o.eclipse.m2e.core.internal.Bundles - 	Entry: C:\Users\artur\.p2\pool\plugins\org.eclipse.m2e.maven.runtime_3.9.400.20230826-0755\jars\org.eclipse.sisu.inject-0.3.5.jar
2025-01-20 13:27:33,523 [Worker-18: Launching mavenrun-7ef37681-6965-4fe9-b93b-787884e3c3a0] INFO  o.eclipse.m2e.core.internal.Bundles - 	Entry: C:\Users\artur\.p2\pool\plugins\org.eclipse.m2e.maven.runtime_3.9.400.20230826-0755\jars\org.eclipse.sisu.plexus-0.3.5.jar
2025-01-20 13:27:33,523 [Worker-18: Launching mavenrun-7ef37681-6965-4fe9-b93b-787884e3c3a0] INFO  o.eclipse.m2e.core.internal.Bundles - 	Entry: C:\Users\artur\.p2\pool\plugins\org.eclipse.m2e.maven.runtime_3.9.400.20230826-0755\jars\plexus-build-api-0.0.7.jar
2025-01-20 13:27:33,523 [Worker-18: Launching mavenrun-7ef37681-6965-4fe9-b93b-787884e3c3a0] INFO  o.eclipse.m2e.core.internal.Bundles - 	Entry: C:\Users\artur\.p2\pool\plugins\org.eclipse.m2e.maven.runtime_3.9.400.20230826-0755\jars\plexus-cipher-2.0.jar
2025-01-20 13:27:33,523 [Worker-18: Launching mavenrun-7ef37681-6965-4fe9-b93b-787884e3c3a0] INFO  o.eclipse.m2e.core.internal.Bundles - 	Entry: C:\Users\artur\.p2\pool\plugins\org.eclipse.m2e.maven.runtime_3.9.400.20230826-0755\jars\plexus-classworlds-2.7.0.jar
2025-01-20 13:27:33,524 [Worker-18: Launching mavenrun-7ef37681-6965-4fe9-b93b-787884e3c3a0] INFO  o.eclipse.m2e.core.internal.Bundles - 	Entry: C:\Users\artur\.p2\pool\plugins\org.eclipse.m2e.maven.runtime_3.9.400.20230826-0755\jars\plexus-component-annotations-2.1.0.jar
2025-01-20 13:27:33,524 [Worker-18: Launching mavenrun-7ef37681-6965-4fe9-b93b-787884e3c3a0] INFO  o.eclipse.m2e.core.internal.Bundles - 	Entry: C:\Users\artur\.p2\pool\plugins\org.eclipse.m2e.maven.runtime_3.9.400.20230826-0755\jars\plexus-interpolation-1.26.jar
2025-01-20 13:27:33,524 [Worker-18: Launching mavenrun-7ef37681-6965-4fe9-b93b-787884e3c3a0] INFO  o.eclipse.m2e.core.internal.Bundles - 	Entry: C:\Users\artur\.p2\pool\plugins\org.eclipse.m2e.maven.runtime_3.9.400.20230826-0755\jars\plexus-sec-dispatcher-2.0.jar
2025-01-20 13:27:33,524 [Worker-18: Launching mavenrun-7ef37681-6965-4fe9-b93b-787884e3c3a0] INFO  o.eclipse.m2e.core.internal.Bundles - 	Entry: C:\Users\artur\.p2\pool\plugins\org.eclipse.m2e.maven.runtime_3.9.400.20230826-0755\jars\plexus-utils-3.5.1.jar
2025-01-20 13:27:33,524 [Worker-18: Launching mavenrun-7ef37681-6965-4fe9-b93b-787884e3c3a0] INFO  o.eclipse.m2e.core.internal.Bundles - 	Entry: C:\Users\artur\.p2\pool\plugins\org.eclipse.m2e.maven.runtime_3.9.400.20230826-0755\jars\wagon-file-3.5.3.jar
2025-01-20 13:27:33,524 [Worker-18: Launching mavenrun-7ef37681-6965-4fe9-b93b-787884e3c3a0] INFO  o.eclipse.m2e.core.internal.Bundles - 	Entry: C:\Users\artur\.p2\pool\plugins\org.eclipse.m2e.maven.runtime_3.9.400.20230826-0755\jars\wagon-provider-api-3.5.3.jar
2025-01-20 13:27:33,525 [Worker-18: Launching mavenrun-7ef37681-6965-4fe9-b93b-787884e3c3a0] INFO  o.eclipse.m2e.core.internal.Bundles - getClasspathEntries(Bundle=com.google.guava_33.3.1.jre [525])
2025-01-20 13:27:33,526 [Worker-18: Launching mavenrun-7ef37681-6965-4fe9-b93b-787884e3c3a0] INFO  o.eclipse.m2e.core.internal.Bundles - 	Entry: C:\Users\artur\.p2\pool\plugins\com.google.guava_33.3.1.jre.jar
2025-01-20 13:27:33,526 [Worker-18: Launching mavenrun-7ef37681-6965-4fe9-b93b-787884e3c3a0] INFO  o.eclipse.m2e.core.internal.Bundles - getClasspathEntries(Bundle=slf4j.api_2.0.16 [719])
2025-01-20 13:27:33,526 [Worker-18: Launching mavenrun-7ef37681-6965-4fe9-b93b-787884e3c3a0] INFO  o.eclipse.m2e.core.internal.Bundles - 	Entry: C:\Users\artur\.p2\pool\plugins\slf4j.api_2.0.16.jar
2025-01-20 13:27:33,526 [Worker-18: Launching mavenrun-7ef37681-6965-4fe9-b93b-787884e3c3a0] INFO  o.eclipse.m2e.core.internal.Bundles - getClasspathEntries(Bundle=javax.inject_1.0.0.v20220405-0441 [26])
2025-01-20 13:27:33,526 [Worker-18: Launching mavenrun-7ef37681-6965-4fe9-b93b-787884e3c3a0] INFO  o.eclipse.m2e.core.internal.Bundles - 	Entry: C:\Users\artur\.p2\pool\plugins\javax.inject_1.0.0.v20220405-0441.jar
2025-01-20 13:27:33,526 [Worker-18: Launching mavenrun-7ef37681-6965-4fe9-b93b-787884e3c3a0] INFO  o.eclipse.m2e.core.internal.Bundles - getClasspathEntries(Bundle=javax.annotation_1.3.5.v20200909-1856 [24])
2025-01-20 13:27:33,526 [Worker-18: Launching mavenrun-7ef37681-6965-4fe9-b93b-787884e3c3a0] INFO  o.eclipse.m2e.core.internal.Bundles - 	Entry: C:\Users\artur\.p2\pool\plugins\javax.annotation_1.3.5.v20200909-1856.jar
2025-01-20 13:27:33,527 [Worker-18: Launching mavenrun-7ef37681-6965-4fe9-b93b-787884e3c3a0] INFO  o.eclipse.m2e.core.internal.Bundles - getClasspathEntries(Bundle=org.apache.commons.cli_1.9.0 [537])
2025-01-20 13:27:33,527 [Worker-18: Launching mavenrun-7ef37681-6965-4fe9-b93b-787884e3c3a0] INFO  o.eclipse.m2e.core.internal.Bundles - 	Entry: C:\Users\artur\.p2\pool\plugins\org.apache.commons.cli_1.9.0.jar
2025-01-20 13:27:33,527 [Worker-18: Launching mavenrun-7ef37681-6965-4fe9-b93b-787884e3c3a0] INFO  o.eclipse.m2e.core.internal.Bundles - getClasspathEntries(Bundle=com.google.guava.failureaccess_1.0.2 [526])
2025-01-20 13:27:33,527 [Worker-18: Launching mavenrun-7ef37681-6965-4fe9-b93b-787884e3c3a0] INFO  o.eclipse.m2e.core.internal.Bundles - 	Entry: C:\Users\artur\.p2\pool\plugins\com.google.guava.failureaccess_1.0.2.jar
2025-01-20 13:27:33,531 [Worker-18: Launching mavenrun-7ef37681-6965-4fe9-b93b-787884e3c3a0] INFO  o.e.m.i.launch.MavenLaunchDelegate - Run build in "C:\Users\artur\AppData\Local\Temp\m2e-archetypeGenerator14263868612439053190":
2025-01-20 13:27:33,533 [Worker-18: Launching mavenrun-7ef37681-6965-4fe9-b93b-787884e3c3a0] INFO  o.e.m.i.launch.MavenLaunchDelegate -  mvn  -DarchetypeGroupId=ca.dsolutions -DarchetypeArtifactId=javafx -DarchetypeVersion=1.0 -DgroupId=com.projeto -DartifactId=fabinho -Dversion=0.0.1-SNAPSHOT -Dpackage=com.projeto.fabinho -DoutputDirectory=C:\Users\artur\eclipse-workspace\projetoFabinho -Dstyle.color=always -U archetype:generate
2025-01-20 13:29:33,822 [Worker-1: Loading available Gradle versions] INFO  o.e.b.c.i.u.g.PublishedGradleVersions - Gradle version information cache is up-to-date. Trying to read.
